<?xml version="1.0" encoding="UTF-8" ?>
<testsuite failures="0" time="0.021" errors="0" skipped="0" tests="1" name="com.ganesh.hibernate.AppTest">
  <properties>
    <property name="java.runtime.name" value="Java(TM) SE Runtime Environment"/>
    <property name="sun.boot.library.path" value="C:\Program Files\Java\jdk1.6.0_32\jre\bin"/>
    <property name="java.vm.version" value="20.7-b02"/>
    <property name="java.vm.vendor" value="Sun Microsystems Inc."/>
    <property name="java.vendor.url" value="http://java.sun.com/"/>
    <property name="path.separator" value=";"/>
    <property name="java.vm.name" value="Java HotSpot(TM) 64-Bit Server VM"/>
    <property name="file.encoding.pkg" value="sun.io"/>
    <property name="user.country" value="US"/>
    <property name="sun.java.launcher" value="SUN_STANDARD"/>
    <property name="sun.os.patch.level" value="Service Pack 1"/>
    <property name="java.vm.specification.name" value="Java Virtual Machine Specification"/>
    <property name="user.dir" value="C:\Ganesh\PracticeWorkSpace\Hibernate\hibernate"/>
    <property name="java.runtime.version" value="1.6.0_32-b05"/>
    <property name="java.awt.graphicsenv" value="sun.awt.Win32GraphicsEnvironment"/>
    <property name="basedir" value="C:\Ganesh\PracticeWorkSpace\Hibernate\hibernate"/>
    <property name="java.endorsed.dirs" value="C:\Program Files\Java\jdk1.6.0_32\jre\lib\endorsed"/>
    <property name="os.arch" value="amd64"/>
    <property name="surefire.real.class.path" value="C:\Ganesh\PracticeWorkSpace\Hibernate\hibernate\target\surefire\surefirebooter4934994776993736277.jar"/>
    <property name="java.io.tmpdir" value="C:\Users\a122259\AppData\Local\Temp\"/>
    <property name="line.separator" value="
"/>
    <property name="java.vm.specification.vendor" value="Sun Microsystems Inc."/>
    <property name="user.variant" value=""/>
    <property name="os.name" value="Windows 7"/>
    <property name="sun.jnu.encoding" value="Cp1252"/>
    <property name="java.library.path" value="C:\Program Files\Java\jdk1.6.0_32\jre\bin;C:\Windows\Sun\Java\bin;C:\Windows\system32;C:\Windows;C:\oraclexe\app\oracle\product\11.2.0\server\bin;C:\Program Files\Java\jdk1.6.0_32\bin;C:\PCH\apache-maven-3.0.3\bin;C:\Program Files (x86)\Subversion\bin;C:\Windows\System32;C:\Ganesh\apache-ant-1.8.4\bin;C:\Program Files\TortoiseSVN\bin;C:\Program Files\TortoiseGit\bin;C:\Program Files (x86)\CVSNT\;."/>
    <property name="surefire.test.class.path" value="C:\Ganesh\PracticeWorkSpace\Hibernate\hibernate\target\test-classes;C:\Ganesh\PracticeWorkSpace\Hibernate\hibernate\target\classes;C:\Users\a122259\.m2\repository\junit\junit\3.8.1\junit-3.8.1.jar;C:\Users\a122259\.m2\repository\com\oracle\ojdbc6\11.2.0\ojdbc6-11.2.0.jar;C:\Users\a122259\.m2\repository\org\hibernate\hibernate-core\3.6.3.Final\hibernate-core-3.6.3.Final.jar;C:\Users\a122259\.m2\repository\antlr\antlr\2.7.6\antlr-2.7.6.jar;C:\Users\a122259\.m2\repository\commons-collections\commons-collections\3.1\commons-collections-3.1.jar;C:\Users\a122259\.m2\repository\dom4j\dom4j\1.6.1\dom4j-1.6.1.jar;C:\Users\a122259\.m2\repository\org\hibernate\hibernate-commons-annotations\3.2.0.Final\hibernate-commons-annotations-3.2.0.Final.jar;C:\Users\a122259\.m2\repository\org\hibernate\javax\persistence\hibernate-jpa-2.0-api\1.0.0.Final\hibernate-jpa-2.0-api-1.0.0.Final.jar;C:\Users\a122259\.m2\repository\javax\transaction\jta\1.1\jta-1.1.jar;C:\Users\a122259\.m2\repository\org\slf4j\slf4j-api\1.6.1\slf4j-api-1.6.1.jar;C:\Users\a122259\.m2\repository\javassist\javassist\3.12.1.GA\javassist-3.12.1.GA.jar;"/>
    <property name="java.specification.name" value="Java Platform API Specification"/>
    <property name="java.class.version" value="50.0"/>
    <property name="sun.management.compiler" value="HotSpot 64-Bit Tiered Compilers"/>
    <property name="os.version" value="6.1"/>
    <property name="user.home" value="C:\Users\a122259"/>
    <property name="user.timezone" value=""/>
    <property name="java.awt.printerjob" value="sun.awt.windows.WPrinterJob"/>
    <property name="java.specification.version" value="1.6"/>
    <property name="file.encoding" value="Cp1252"/>
    <property name="user.name" value="a122259"/>
    <property name="java.class.path" value="C:\Ganesh\PracticeWorkSpace\Hibernate\hibernate\target\test-classes;C:\Ganesh\PracticeWorkSpace\Hibernate\hibernate\target\classes;C:\Users\a122259\.m2\repository\junit\junit\3.8.1\junit-3.8.1.jar;C:\Users\a122259\.m2\repository\com\oracle\ojdbc6\11.2.0\ojdbc6-11.2.0.jar;C:\Users\a122259\.m2\repository\org\hibernate\hibernate-core\3.6.3.Final\hibernate-core-3.6.3.Final.jar;C:\Users\a122259\.m2\repository\antlr\antlr\2.7.6\antlr-2.7.6.jar;C:\Users\a122259\.m2\repository\commons-collections\commons-collections\3.1\commons-collections-3.1.jar;C:\Users\a122259\.m2\repository\dom4j\dom4j\1.6.1\dom4j-1.6.1.jar;C:\Users\a122259\.m2\repository\org\hibernate\hibernate-commons-annotations\3.2.0.Final\hibernate-commons-annotations-3.2.0.Final.jar;C:\Users\a122259\.m2\repository\org\hibernate\javax\persistence\hibernate-jpa-2.0-api\1.0.0.Final\hibernate-jpa-2.0-api-1.0.0.Final.jar;C:\Users\a122259\.m2\repository\javax\transaction\jta\1.1\jta-1.1.jar;C:\Users\a122259\.m2\repository\org\slf4j\slf4j-api\1.6.1\slf4j-api-1.6.1.jar;C:\Users\a122259\.m2\repository\javassist\javassist\3.12.1.GA\javassist-3.12.1.GA.jar;"/>
    <property name="java.vm.specification.version" value="1.0"/>
    <property name="sun.arch.data.model" value="64"/>
    <property name="java.home" value="C:\Program Files\Java\jdk1.6.0_32\jre"/>
    <property name="sun.java.command" value="C:\Ganesh\PracticeWorkSpace\Hibernate\hibernate\target\surefire\surefirebooter4934994776993736277.jar C:\Ganesh\PracticeWorkSpace\Hibernate\hibernate\target\surefire\surefire1490124734950179268tmp C:\Ganesh\PracticeWorkSpace\Hibernate\hibernate\target\surefire\surefire5273758062586453869tmp"/>
    <property name="java.specification.vendor" value="Sun Microsystems Inc."/>
    <property name="user.language" value="en"/>
    <property name="awt.toolkit" value="sun.awt.windows.WToolkit"/>
    <property name="java.vm.info" value="mixed mode"/>
    <property name="java.version" value="1.6.0_32"/>
    <property name="java.ext.dirs" value="C:\Program Files\Java\jdk1.6.0_32\jre\lib\ext;C:\Windows\Sun\Java\lib\ext"/>
    <property name="sun.boot.class.path" value="C:\Program Files\Java\jdk1.6.0_32\jre\lib\resources.jar;C:\Program Files\Java\jdk1.6.0_32\jre\lib\rt.jar;C:\Program Files\Java\jdk1.6.0_32\jre\lib\sunrsasign.jar;C:\Program Files\Java\jdk1.6.0_32\jre\lib\jsse.jar;C:\Program Files\Java\jdk1.6.0_32\jre\lib\jce.jar;C:\Program Files\Java\jdk1.6.0_32\jre\lib\charsets.jar;C:\Program Files\Java\jdk1.6.0_32\jre\lib\modules\jdk.boot.jar;C:\Program Files\Java\jdk1.6.0_32\jre\classes"/>
    <property name="java.vendor" value="Sun Microsystems Inc."/>
    <property name="localRepository" value="C:\Users\a122259\.m2\repository"/>
    <property name="file.separator" value="\"/>
    <property name="java.vendor.url.bug" value="http://java.sun.com/cgi-bin/bugreport.cgi"/>
    <property name="sun.cpu.endian" value="little"/>
    <property name="sun.io.unicode.encoding" value="UnicodeLittle"/>
    <property name="sun.desktop" value="windows"/>
    <property name="sun.cpu.isalist" value="amd64"/>
  </properties>
  <testcase time="0.004" classname="com.ganesh.hibernate.AppTest" name="testApp"/>
</testsuite>